Build started 20-01-2014 13:19:43.
     1>Project "C:\Users\Daniel\Desktop\Pixel Wars\Pixel Wars\Pixel Wars.vcxproj" on node 2 (Build target(s)).
     1>ClCompile:
         D:\programy\Microsoft Visual Studio 12.0\VC\bin\CL.exe /c /I"C:\SFML\SFML-2.1\include" /Zi /nologo /W3 /WX- /sdl /O2 /Oi /Oy- /GL /D WIN32 /D NDEBUG /D _CONSOLE /D _LIB /D SFML_STATIC /D _UNICODE /D UNICODE /Gm- /EHsc /MT /GS /Gy /fp:precise /Zc:wchar_t /Zc:forScope /Fo"Release Static\\" /Fd"Release Static\vc120.pdb" /Gd /TP /analyze- /errorReport:prompt Entity.cpp
         Entity.cpp
     1>Entity.cpp(35): warning C4305: '=' : truncation from 'double' to 'float'
     1>Entity.cpp(42): warning C4305: '=' : truncation from 'double' to 'float'
     1>Entity.cpp(49): warning C4305: '=' : truncation from 'double' to 'float'
     1>Entity.cpp(64): warning C4305: '=' : truncation from 'double' to 'float'
     1>Entity.cpp(71): warning C4305: '=' : truncation from 'double' to 'float'
     1>Entity.cpp(78): warning C4305: '=' : truncation from 'double' to 'float'
     1>Entity.cpp(85): warning C4305: '=' : truncation from 'double' to 'float'
       ResourceCompile:
         C:\Program Files (x86)\Windows Kits\8.1\bin\x86\rc.exe /D _UNICODE /D UNICODE /l"0x0409" /nologo /fo"Release Static\icon.res" icon.rc 
       Link:
         D:\programy\Microsoft Visual Studio 12.0\VC\bin\link.exe /ERRORREPORT:PROMPT /OUT:"C:\Users\Daniel\Desktop\Pixel Wars\Release Static\Pixel Wars.exe" /INCREMENTAL:NO /NOLOGO /LIBPATH:"C:\SFML\SFML-2.1\extlibs\libs-msvc\x86" /LIBPATH:"C:\SFML\SFML-2.1\Staitc Libs\Release" "sfml-graphics-s.lib" "sfml-window-s.lib" "sfml-system-s.lib" kernel32.lib user32.lib gdi32.lib winspool.lib comdlg32.lib advapi32.lib shell32.lib ole32.lib oleaut32.lib uuid.lib odbc32.lib odbccp32.lib /MANIFEST /MANIFESTUAC:"level='asInvoker' uiAccess='false'" /manifest:embed /DEBUG /PDB:"C:\Users\Daniel\Desktop\Pixel Wars\Release Static\Pixel Wars.pdb" /SUBSYSTEM:CONSOLE /OPT:REF /OPT:ICF /LTCG /TLBID:1 /DYNAMICBASE /NXCOMPAT /IMPLIB:"C:\Users\Daniel\Desktop\Pixel Wars\Release Static\Pixel Wars.lib" /MACHINE:X86 /SAFESEH "Release Static\icon.res"
         "Release Static\Bullet.obj"
         "Release Static\Main.obj"
         "Release Static\Map.obj"
         "Release Static\Entity.obj"
         Generating code
         Finished generating code
         Pixel Wars.vcxproj -> C:\Users\Daniel\Desktop\Pixel Wars\Release Static\Pixel Wars.exe
     1>Done Building Project "C:\Users\Daniel\Desktop\Pixel Wars\Pixel Wars\Pixel Wars.vcxproj" (Build target(s)).

Build succeeded.

Time Elapsed 00:00:06.43
