Build started 2014-01-20 12:07:48.
     1>Project "D:\JuicyFolder\juicysoftware\Pixel Wars\Pixel Wars\Pixel Wars.vcxproj" on node 2 (Build target(s)).
     1>ClCompile:
         C:\Program Files (x86)\Microsoft Visual Studio 12.0\VC\bin\CL.exe /c /I"C:\SFML\SFML-2.1\include" /Zi /nologo /W3 /WX- /sdl /O2 /Oi /Oy- /GL /D WIN32 /D NDEBUG /D _CONSOLE /D _LIB /D SFML_STATIC /D _UNICODE /D UNICODE /Gm- /EHsc /MT /GS /Gy /fp:precise /Zc:wchar_t /Zc:forScope /Fo"Release Static\\" /Fd"Release Static\vc120.pdb" /Gd /TP /analyze- /errorReport:prompt Bullet.cpp Main.cpp Map.cpp Player.cpp
         Bullet.cpp
         Main.cpp
         Map.cpp
     1>Map.cpp(19): warning C4244: 'argument' : conversion from 'float' to 'unsigned int', possible loss of data
     1>Map.cpp(20): warning C4244: 'argument' : conversion from 'float' to 'unsigned int', possible loss of data
     1>Map.cpp(21): warning C4244: 'argument' : conversion from 'float' to 'unsigned int', possible loss of data
     1>Map.cpp(22): warning C4244: 'argument' : conversion from 'float' to 'unsigned int', possible loss of data
         Player.cpp
     1>Player.cpp(35): warning C4305: '=' : truncation from 'double' to 'float'
     1>Player.cpp(42): warning C4305: '=' : truncation from 'double' to 'float'
     1>Player.cpp(49): warning C4305: '=' : truncation from 'double' to 'float'
     1>Player.cpp(64): warning C4305: '=' : truncation from 'double' to 'float'
     1>Player.cpp(71): warning C4305: '=' : truncation from 'double' to 'float'
     1>Player.cpp(78): warning C4305: '=' : truncation from 'double' to 'float'
     1>Player.cpp(85): warning C4305: '=' : truncation from 'double' to 'float'
       ResourceCompile:
         C:\Program Files (x86)\Windows Kits\8.1\bin\x86\rc.exe /D _UNICODE /D UNICODE /l"0x0409" /nologo /fo"Release Static\icon.res" icon.rc 
       Link:
         C:\Program Files (x86)\Microsoft Visual Studio 12.0\VC\bin\link.exe /ERRORREPORT:PROMPT /OUT:"D:\JuicyFolder\juicysoftware\Pixel Wars\Release Static\Pixel Wars.exe" /INCREMENTAL:NO /NOLOGO /LIBPATH:"C:\SFML\SFML-2.1\extlibs\libs-msvc\x86" /LIBPATH:"C:\SFML\SFML-2.1\Staitc Libs\Release" "sfml-graphics-s.lib" "sfml-window-s.lib" "sfml-system-s.lib" kernel32.lib user32.lib gdi32.lib winspool.lib comdlg32.lib advapi32.lib shell32.lib ole32.lib oleaut32.lib uuid.lib odbc32.lib odbccp32.lib /MANIFEST /MANIFESTUAC:"level='asInvoker' uiAccess='false'" /manifest:embed /DEBUG /PDB:"D:\JuicyFolder\juicysoftware\Pixel Wars\Release Static\Pixel Wars.pdb" /SUBSYSTEM:CONSOLE /OPT:REF /OPT:ICF /LTCG /TLBID:1 /DYNAMICBASE /NXCOMPAT /IMPLIB:"D:\JuicyFolder\juicysoftware\Pixel Wars\Release Static\Pixel Wars.lib" /MACHINE:X86 /SAFESEH "Release Static\icon.res"
         "Release Static\Bullet.obj"
         "Release Static\Main.obj"
         "Release Static\Map.obj"
         "Release Static\Player.obj"
         Generating code
         Finished generating code
         Pixel Wars.vcxproj -> D:\JuicyFolder\juicysoftware\Pixel Wars\Release Static\Pixel Wars.exe
     1>Done Building Project "D:\JuicyFolder\juicysoftware\Pixel Wars\Pixel Wars\Pixel Wars.vcxproj" (Build target(s)).

Build succeeded.

Time Elapsed 00:00:06.62
